<?xml version="1.0" encoding="utf-8"?>

<chapter id="test-doubles">
  <title>测试替身</title>

  <para>Gerard Meszaros 在 <xref linkend="Meszaros2007"/> 中介绍了测试替身的概念：</para>

  <blockquote>
    <attribution>Gerard Meszaros</attribution>
    <para>
      <indexterm><primary>System Under Test （被测系统）</primary></indexterm>有时候对被测系统(SUT)进行测试是很困难的，因为它依赖于其他无法在测试环境中使用的组件。这有可能是因为这些组件不可用，它们不会返回测试所需要的结果，或者执行它们会有不良副作用。在其他情况下，我们的测试策略要求对被测系统的内部行为有更多控制或更多可见性。</para>

    <para>
      <indexterm><primary>Depended-On Component （依赖组件）</primary></indexterm>
      <indexterm><primary>Test Double （测试替身）</primary></indexterm>如果在编写测试时无法使用（或选择不使用）实际的依赖组件(DOC)，可以用测试替身来代替。测试替身不需要和真正的依赖组件有完全一样的的行为方式；他只需要提供和真正的组件同样的 API 即可，这样被测系统就会以为它是真正的组件！</para>
  </blockquote>

  <para>PHPUnit 提供的 <literal>getMockBuilder($type)</literal> 方法可以在测试中用来自动生成对象，此对象可以充当任意指定原版类型（接口或类名）的测试替身。在任何预期或要求使用原版类的实例对象的上下文中都可以使用这个测试替身对象来代替。</para>

  <para>在默认情况下，原版类的所有方法都会被替换为只会返回 <literal>null</literal> 的伪实现（其中不会调用原版方法）。使用诸如 <literal>will($this-&gt;returnValue())</literal> 之类的方法可以对这些伪实现在被调用时应当返回什么值做出配置。</para>

  <note>
    <title>局限性</title>

    <para>请注意，<literal>final</literal>、<literal>private</literal> 和 <literal>static</literal> 方法无法对其进行上桩(stub)或模仿(mock)。PHPUnit 的测试替身功能将会忽略它们，并维持它们的原始行为。</para>
  </note>

  <warning>
    <title>警告</title>

    <para>请关注一下这个事实：参数管理方式已经修改过了。在之前的实现中，将会克隆对象的所有参数。这样就无法检查传递给方法的是否是同一个对象。<xref linkend="test-doubles.mock-objects.examples.clone-object-parameters-usecase.php"/> 展示了新的实现方式在什么情况下会非常有用。<xref linkend="test-doubles.mock-objects.examples.enable-clone-object-parameters.php"/>展示了如何切换回之前的行为方式。</para>
  </warning>

  <section id="test-doubles.stubs">
    <title>Stubs （桩件）</title>

    <para>
      <indexterm><primary>Stub （桩件）</primary></indexterm>将对象替换为（可选地）返回配置好的返回值的测试替身的实践方法称为<emphasis>上桩(stubbing)</emphasis>。可以用<emphasis>桩件(stub)</emphasis>来“替换掉被测系统所依赖的实际组件，这样测试就有了对被测系统的间接输入的控制点。这使得测试能强制安排被测系统的执行路径，否则被测系统可能无法执行”。</para>

    <para>
      <indexterm><primary>Fluent Interface （流畅式接口）</primary></indexterm>

      <xref linkend="test-doubles.stubs.examples.StubTest.php"/>展示了如何对方法的调用上桩以及如何设定返回值。首先用 <literal>PHPUnit_Framework_TestCase</literal> 类提供的 <literal>getMockBuilder()</literal> 方法来建立一个桩件对象，它表面看起来像是 <literal>SomeClass</literal>类（<xref linkend="test-doubles.stubs.examples.SomeClass.php"/>）的实例。随后用 PHPUnit 提供的 <ulink url="http://martinfowler.com/bliki/FluentInterface.html">流畅式接口</ulink>来指定桩件的行为。本质上，这意味着不需要建立多个临时对象然后再把它们捆到一起。取而代之的是范例中所示的链式方法调用。这使得代码更加易读并更加“流畅”。</para>

    <example id="test-doubles.stubs.examples.SomeClass.php">
      <title>需要对其上桩的类</title>
      <programlisting><![CDATA[<?php
class SomeClass
{
    public function doSomething()
    {
        // 随便做点什么。
    }
}
?>]]></programlisting>
    </example>

    <example id="test-doubles.stubs.examples.StubTest.php">
      <indexterm><primary>getMockBuilder()</primary></indexterm>
      <indexterm><primary>method()</primary></indexterm>
      <indexterm><primary>willReturn()</primary></indexterm>
      <title>对某个方法的调用上桩，返回固定值</title>
      <programlisting><![CDATA[<?php
require_once 'SomeClass.php';

class StubTest extends PHPUnit_Framework_TestCase
{
    public function testStub()
    {
        // 为 SomeClass 类创建桩件。
        $stub = $this->getMockBuilder('SomeClass')
                     ->getMock();

        // 配置桩件。
        $stub->method('doSomething')
             ->willReturn('foo');

        // 现在调用 $stub->doSomething() 将返回 'foo'。
        self::assertEquals('foo', $stub->doSomething());
    }
}
?>]]></programlisting>
    </example>

    <para>“在幕后”，当使用了 <literal>getMock()</literal> 方法时， PHPUnit 自动生成了一个新的 PHP 类来实现想要的行为。</para>

    <para>
      <xref linkend="test-doubles.stubs.examples.StubTest2.php"/>这个例子展示了如何用仿件生成器的流畅式接口来配置测试替身的生成。</para>

    <example id="test-doubles.stubs.examples.StubTest2.php">
      <indexterm><primary>getMockBuilder()</primary></indexterm>
      <indexterm><primary>method()</primary></indexterm>
      <indexterm><primary>willReturn()</primary></indexterm>
      <title>使用可用于配置生成的测试替身类的仿件生成器 API</title>
      <programlisting><![CDATA[<?php
require_once 'SomeClass.php';

class StubTest extends PHPUnit_Framework_TestCase
{
    public function testStub()
    {
        // 为 SomeClass 类创建桩件。
        $stub = $this->getMockBuilder('SomeClass')
                     ->disableOriginalConstructor()
                     ->getMock();

        // 配置桩件。
        $stub->method('doSomething')
             ->willReturn('foo');

        // 现在调用 $stub->doSomething() 将返回 'foo'。
        self::assertEquals('foo', $stub->doSomething());
    }
}
?>]]></programlisting>
    </example>

    <para>以下是仿件生成器提供的方法列表：</para>

    <itemizedlist>
      <listitem><para><literal>setMethods(array $methods)</literal> 可以在仿件生成器对象上调用，来指定哪些方法将被替换为可配置的测试替身。其他方法的行为不会有所改变。如果调用 <literal>setMethods(null)</literal>，那么没有方法会被替换。</para></listitem>
      <listitem><para><literal>setConstructorArgs(array $args)</literal> 可用于向原版类的构造函数（默认情况下不会被替换为伪实现）提供参数数组。</para></listitem>
      <listitem><para><literal>setMockClassName($name)</literal> 可用于指定生成的测试替身类的类名。</para></listitem>
      <listitem><para><literal>disableOriginalConstructor()</literal> 参数可用于禁用对原版类的构造方法的调用。</para></listitem>
      <listitem><para><literal>disableOriginalClone()</literal> 可用于禁用对原版类的克隆方法的调用。</para></listitem>
      <listitem><para><literal>disableAutoload()</literal>可用于在测试替身类的生成期间禁用 <literal>__autoload()</literal>。</para></listitem>
    </itemizedlist>

    <para>在之前的例子中，用 <literal>willReturn($value)</literal> 返回简单值。这个简短的语法相当于 <literal>will($this-&gt;returnValue($value))</literal>。而在这个长点的语法中，可以使用变量，从而实现更复杂的上桩行为。</para>

    <para>有时想要将（未改变的）方法调用时所使用的参数之一作为桩件的方法的调用结果来返回。 <xref linkend="test-doubles.stubs.examples.StubTest3.php"/>展示了如何用 <literal>returnArgument()</literal> 代替 <literal>returnValue()</literal> 来做到这点。</para>

    <example id="test-doubles.stubs.examples.StubTest3.php">
      <indexterm><primary>getMock()</primary></indexterm>
      <indexterm><primary>method()</primary></indexterm>
      <indexterm><primary>will()</primary></indexterm>
      <indexterm><primary>returnArgument()</primary></indexterm>
      <title>对某个方法的调用上桩，返回参数之一</title>
      <programlisting><![CDATA[<?php
require_once 'SomeClass.php';

class StubTest extends PHPUnit_Framework_TestCase
{
    public function testReturnArgumentStub()
    {
        // 为 SomeClass 类创建桩件。
        $stub = $this->getMockBuilder('SomeClass')
                     ->getMock();

        // 配置桩件。
        $stub->method('doSomething')
             ->will($this->returnArgument(0));

        // stub->doSomething('foo') 返回 'foo'
        self::assertEquals('foo', $stub->doSomething('foo'));

        // $stub->doSomething('bar') 返回 'bar'
        self::assertEquals('bar', $stub->doSomething('bar'));
    }
}
?>]]></programlisting>
    </example>

    <para>在用流畅式接口进行测试时，让某个已上桩的方法返回对桩件对象的引用有时会很有用。<xref linkend="test-doubles.stubs.examples.StubTest4.php"/>展示了如何用 <literal>returnSelf()</literal> 来做到这点。</para>

    <example id="test-doubles.stubs.examples.StubTest4.php">
      <indexterm><primary>getMock()</primary></indexterm>
      <indexterm><primary>method()</primary></indexterm>
      <indexterm><primary>will()</primary></indexterm>
      <indexterm><primary>returnSelf()</primary></indexterm>
      <title>对方法的调用上桩，返回对桩件对象的引用</title>
      <programlisting><![CDATA[<?php
require_once 'SomeClass.php';

class StubTest extends PHPUnit_Framework_TestCase
{
    public function testReturnSelf()
    {
        // 为 SomeClass 类创建桩件。
        $stub = $this->getMockBuilder('SomeClass')
                     ->getMock();

        // 配置桩件。
        $stub->method('doSomething')
             ->will($this->returnSelf());

        // $stub->doSomething() 返回 $stub
        self::assertSame($stub, $stub->doSomething());
    }
}
?>]]></programlisting>
    </example>

    <para>有时候，上桩的方法需要根据预定义的参数清单来返回不同的值。可以用 <literal>returnValueMap()</literal> 方法将参数和相应的返回值关联起来建立映射。范例参见<xref linkend="test-doubles.stubs.examples.StubTest5.php"/>。</para>

    <example id="test-doubles.stubs.examples.StubTest5.php">
      <indexterm><primary>getMock()</primary></indexterm>
      <indexterm><primary>method()</primary></indexterm>
      <indexterm><primary>will()</primary></indexterm>
      <indexterm><primary>returnValueMap()</primary></indexterm>
      <title>对方法的调用上桩，按照映射确定返回值</title>
      <programlisting><![CDATA[<?php
require_once 'SomeClass.php';

class StubTest extends PHPUnit_Framework_TestCase
{
    public function testReturnValueMapStub()
    {
        // 为 SomeClass 类创建桩件。
        $stub = $this->getMockBuilder('SomeClass')
                     ->getMock();

        // 创建从参数到返回值的映射。
        $map = array(
          array('a', 'b', 'c', 'd'),
          array('e', 'f', 'g', 'h')
        );

        // 配置桩件。
        $stub->method('doSomething')
             ->will($this->returnValueMap($map));

        // $stub->doSomething() 根据提供的参数返回不同的值。
        self::assertEquals('d', $stub->doSomething('a', 'b', 'c'));
        self::assertEquals('h', $stub->doSomething('e', 'f', 'g'));
    }
}
?>]]></programlisting>
    </example>

    <para>如果上桩的方法需要返回计算得到的值而不是固定值（参见 <literal>returnValue()</literal>）或某个（未改变的）参数（参见 <literal>returnArgument()</literal>），可以用 <literal>returnCallback()</literal> 来让上桩的方法返回回调函数或方法的结果。范例参见<xref linkend="test-doubles.stubs.examples.StubTest6.php"/>。</para>

    <example id="test-doubles.stubs.examples.StubTest6.php">
      <indexterm><primary>getMock()</primary></indexterm>
      <indexterm><primary>method()</primary></indexterm>
      <indexterm><primary>will()</primary></indexterm>
      <indexterm><primary>returnCallback()</primary></indexterm>
      <title>对方法的调用上桩，由回调生成返回值</title>
      <programlisting><![CDATA[<?php
require_once 'SomeClass.php';

class StubTest extends PHPUnit_Framework_TestCase
{
    public function testReturnCallbackStub()
    {
        // 为 SomeClass 类创建桩件。
        $stub = $this->getMockBuilder('SomeClass')
                     ->getMock();

        // 配置桩件。
        $stub->method('doSomething')
             ->will($this->returnCallback('str_rot13'));

        // $stub->doSomething($argument) 返回 str_rot13($argument)
        self::assertEquals('fbzrguvat', $stub->doSomething('something'));
    }
}
?>]]></programlisting>
    </example>

    <para>相比于建立回调方法，有一个更简单的选择是直接给出期望返回值的列表。可以用 <literal>onConsecutiveCalls()</literal> 方法来做到这个。范例参见 <xref linkend="test-doubles.stubs.examples.StubTest7.php"/>。</para>

    <example id="test-doubles.stubs.examples.StubTest7.php">
      <indexterm><primary>getMock()</primary></indexterm>
      <indexterm><primary>method()</primary></indexterm>
      <indexterm><primary>will()</primary></indexterm>
      <indexterm><primary>onConsecutiveCalls()</primary></indexterm>
      <title>对方法的调用上桩，按照指定顺序返回列表中的值</title>
      <programlisting><![CDATA[<?php
require_once 'SomeClass.php';

class StubTest extends PHPUnit_Framework_TestCase
{
    public function testOnConsecutiveCallsStub()
    {
        // 为 SomeClass 类创建桩件。
        $stub = $this->getMockBuilder('SomeClass')
                     ->getMock();

        // 配置桩件。
        $stub->method('doSomething')
             ->will($this->onConsecutiveCalls(2, 3, 5, 7));

        // $stub->doSomething() 每次返回值都不同
        self::assertEquals(2, $stub->doSomething());
        self::assertEquals(3, $stub->doSomething());
        self::assertEquals(5, $stub->doSomething());
    }
}
?>]]></programlisting>
    </example>


    <para>除了返回一个值之外，上桩的方法还能抛出一个异常。<xref linkend="test-doubles.stubs.examples.StubTest8.php"/>展示了如何用 <literal>throwException()</literal> 做到这点。</para>

    <example id="test-doubles.stubs.examples.StubTest8.php">
      <indexterm><primary>getMock()</primary></indexterm>
      <indexterm><primary>method()</primary></indexterm>
      <indexterm><primary>will()</primary></indexterm>
      <indexterm><primary>throwException()</primary></indexterm>
      <title>对方法的调用上桩，抛出异常</title>
      <programlisting><![CDATA[<?php
require_once 'SomeClass.php';

class StubTest extends PHPUnit_Framework_TestCase
{
    public function testThrowExceptionStub()
    {
        // 为 SomeClass 类创建桩件。
        $stub = $this->getMockBuilder('SomeClass')
                     ->getMock();

        // 配置桩件。
        $stub->method('doSomething')
             ->will($this->throwException(new Exception));

        // $stub->doSomething() 抛出异常
        $stub->doSomething();
    }
}
?>]]></programlisting>
    </example>

    <para>另外，也可以自行编写桩件，并在此过程中改善设计。在系统中被广泛使用的资源是通过单个外观(facade)来访问的，因此很容易就能用桩件替换掉资源。例如，将散落在代码各处的对数据库的直接调用替换为单个 <literal>Database</literal> 对象，这个对象实现了 <literal>IDatabase</literal> 接口。接下来，就可以创建实现了 <literal>IDatabase</literal> 的桩件并在测试中使用之。甚至可以创建一个选项来控制是用桩件还是用真实数据库来运行测试，这样测试就既能在开发过程中用作本地测试，又能在实际数据库环境中进行集成测试。</para>

    <para>需要上桩的功能往往集中在同一个对象中，这就改善了内聚度。将功能通过单一且一致的界面呈现出来，就降低了这部分与系统其他部分之间的耦合度。</para>
  </section>

  <section id="test-doubles.mock-objects">
    <title>仿件对象(Mock Object)</title>

    <para>将对象替换为能验证预期行为（例如断言某个方法必会被调用）的测试替身的实践方法称为<emphasis>模仿(mocking)</emphasis>。</para>

    <para>
      <indexterm><primary>Mock Object （仿件对象）</primary></indexterm>可以用 <emphasis>仿件对象(mock object)</emphasis>“作为观察点来核实被测试系统在测试中的间接输出。通常，仿件对象还需要包括桩件的功能，因为如果测试尚未失败则仿件对象需要向被测系统返回一些值，但是其重点还是在对间接输出的核实上。因此，仿件对象远不止是桩件加断言，它是以一种从根本上完全不同的方式来使用的。”</para>

    <note>
      <title>局限性</title>

      <para>PHPUnit只会对在某个测试的作用域内生成的仿件对象进行自动校验，PHPUnit 不会对在诸如数据供给器内生成的仿件对象进行校验。</para>
    </note>

    <para>这有个例子：假设需要测试的当前方法，在例子中是 <literal>update()</literal>，确实在一个观察着另外一个对象的对象中上被调用了。<xref linkend="test-doubles.mock-objects.examples.SUT.php"/>展示了被测系统(SUT)中 <literal>Subject</literal> 和 <literal>Observer</literal>  两个类的代码。</para>

    <example id="test-doubles.mock-objects.examples.SUT.php">
      <title>被测系统(SUT)中 Subject 与 Observer 类的代码</title>
      <programlisting><![CDATA[<?php
class Subject
{
    protected $observers = array();
    protected $name;

    public function __construct($name)
    {
        $this->name = $name;
    }

    public function getName()
    {
        return $this->name;
    }

    public function attach(Observer $observer)
    {
        $this->observers[] = $observer;
    }

    public function doSomething()
    {
        // 做点什么。
        // ...

        // 通知观察者。
        $this->notify('something');
    }

    public function doSomethingBad()
    {
        foreach ($this->observers as $observer) {
            $observer->reportError(42, 'Something bad happened', $this);
        }
    }

    protected function notify($argument)
    {
        foreach ($this->observers as $observer) {
            $observer->update($argument);
        }
    }

    // 其他方法。
}

class Observer
{
    public function update($argument)
    {
        // 做点什么。
    }

    public function reportError($errorCode, $errorMessage, Subject $subject)
    {
        // 做点什么。
    }

    // 其他方法。
}
?>]]></programlisting>
    </example>

    <para>
      <indexterm><primary>Mock Object （仿件对象）</primary></indexterm>

      <xref linkend="test-doubles.mock-objects.examples.SubjectTest.php"/>展示了如何用仿件对象来测试 <literal>Subject</literal> 和 <literal>Observer</literal> 对象之间的互动。</para>

    <para>首先用 <literal>PHPUnit_Framework_TestCase</literal> 类提供的 <literal>getMock()</literal> 方法建立 <literal>Observer</literal> 的仿件对象。由于给出了一个数组做为 <literal>getMock()</literal> 方法的第二（可选）参数，<literal>Observer</literal> 类只有 <literal>update()</literal> 方法会被替换为仿实现。</para>

    <para>由于关注的是检验某个方法是否被调用，以及调用时具体所使用的参数，因此引入 <literal>expects()</literal> 与 <literal>with()</literal> 方法来指明此交互应该是什么样的。</para>

    <example id="test-doubles.mock-objects.examples.SubjectTest.php">
      <title>测试某个方法会以特定参数被调用一次</title>
      <programlisting><![CDATA[<?php
class SubjectTest extends PHPUnit_Framework_TestCase
{
    public function testObserversAreUpdated()
    {
        // 为 Observer 类建立仿件对象，只模仿 update() 方法。
        $observer = $this->getMockBuilder('Observer')
                         ->setMethods(array('update'))
                         ->getMock();

        // 建立预期状况：update() 方法将会被调用一次，
        // 并且将以字符串 'something' 为参数。
        $observer->expects($this->once())
                 ->method('update')
                 ->with($this->equalTo('something'));

        // 创建 Subject 对象，并将模仿的 Observer 对象连接其上。
        $subject = new Subject('My subject');
        $subject->attach($observer);

        // 在 $subject 对象上调用 doSomething() 方法，
        // 预期将以字符串 'something' 为参数调用
        // Observer 仿件对象的 update() 方法。
        $subject->doSomething();
    }
}
?>]]></programlisting>
    </example>

    <para><literal>with()</literal> 方法可以携带任何数量的参数，对应于被模仿的方法的参数数量。可以对方法的参数指定更加高等的约束而不仅是简单的匹配。</para>

    <example id="test-doubles.mock-objects.examples.SubjectTest2.php">
      <title>测试某个方法将会以特定数量的参数进行调用，并且对各个参数以多种方式进行约束</title>
      <programlisting><![CDATA[<?php
class SubjectTest extends PHPUnit_Framework_TestCase
{
    public function testErrorReported()
    {
        // 为 Observer 类建立仿件，对 reportError() 方法进行模仿
        $observer = $this->getMockBuilder('Observer')
                         ->setMethods(array('reportError'))
                         ->getMock();

        $observer->expects($this->once())
                 ->method('reportError')
                 ->with(
                       $this->greaterThan(0),
                       $this->stringContains('Something'),
                       $this->anything()
                   );

        $subject = new Subject('My subject');
        $subject->attach($observer);

        // doSomethingBad() 方法应当会通过（observer的）reportError()方法
        //向 observer 报告错误。
        $subject->doSomethingBad();
    }
}
?>]]></programlisting>
    </example>

    <para><literal>withConsecutive()</literal> 方法可以接受任意多个数组作为参数，具体数量取决于欲测试的调用。每个数组都都是对被仿方法的相应参数的一组约束，就像 <literal>with()</literal> 中那样。</para>

    <example id="test-doubles.mock-objects.examples.with-consecutive.php">
      <title>测试某个方法将会以特定参数被调用二次</title>
      <programlisting><![CDATA[<?php
class FooTest extends PHPUnit_Framework_TestCase
{
    public function testFunctionCalledTwoTimesWithSpecificArguments()
    {
        $mock = $this->getMockBuilder('stdClass')
                     ->setMethods(array('set'))
                     ->getMock();

        $mock->expects($this->exactly(2))
             ->method('set')
             ->withConsecutive(
                 array($this->equalTo('foo'), $this->greaterThan(0)),
                 array($this->equalTo('bar'), $this->greaterThan(0))
             );

        $mock->set('foo', 21);
        $mock->set('bar', 48);
    }
}
?>]]></programlisting>
    </example>

    <para><literal>callback()</literal> 约束用来进行更加复杂的参数校验。此约束的唯一参数是一个 PHP 回调项(callback)。此 PHP 回调项接受需要校验的参数作为其唯一参数，并应当在参数通过校验时返回 <literal>TRUE</literal>，否则返回 <literal>FALSE</literal>。</para>

    <example id="test-doubles.mock-objects.examples.SubjectTest3.php">
      <title>更加复杂的参数校验</title>
      <programlisting><![CDATA[<?php
class SubjectTest extends PHPUnit_Framework_TestCase
{
    public function testErrorReported()
    {
        // 为 Observer 类建立仿件，模仿 reportError() 方法
        $observer = $this->getMockBuilder('Observer')
                         ->setMethods(array('reportError'))
                         ->getMock();

        $observer->expects($this->once())
                 ->method('reportError')
                 ->with($this->greaterThan(0),
                        $this->stringContains('Something'),
                        $this->callback(function($subject){
                          return is_callable(array($subject, 'getName')) &&
                                 $subject->getName() == 'My subject';
                        }));

        $subject = new Subject('My subject');
        $subject->attach($observer);

        // doSomethingBad() 方法应当会通过（observer的）reportError()方法
        //向 observer 报告错误。
        $subject->doSomethingBad();
    }
}
?>]]></programlisting>
    </example>

    <example id="test-doubles.mock-objects.examples.clone-object-parameters-usecase.php">
      <title>测试某个方法将会被调用一次，并且以某个特定对象作为参数。</title>
      <programlisting><![CDATA[<?php
class FooTest extends PHPUnit_Framework_TestCase
{
    public function testIdenticalObjectPassed()
    {
        $expectedObject = new stdClass;

        $mock = $this->getMockBuilder('stdClass')
                     ->setMethods(array('foo'))
                     ->getMock();

        $mock->expects($this->once())
             ->method('foo')
             ->with($this->identicalTo($expectedObject));

        $mock->foo($expectedObject);
    }
}
?>]]></programlisting>
    </example>

    <example id="test-doubles.mock-objects.examples.enable-clone-object-parameters.php">
      <title>创建仿件对象时启用参数克隆</title>
      <programlisting><![CDATA[<?php
class FooTest extends PHPUnit_Framework_TestCase
{
    public function testIdenticalObjectPassed()
    {
        $cloneArguments = true;

        $mock = $this->getMockBuilder('stdClass')
                     ->enableArgumentCloning()
                     ->getMock();

        // 现在仿件将对参数进行克隆，因此 identicalTo 约束将会失败。
    }
}
?>]]></programlisting>
    </example>

    <para>
      <xref linkend="appendixes.assertions.assertThat.tables.constraints"/>列出了可以应用于方法参数的各种约束，<xref linkend="test-doubles.mock-objects.tables.matchers"/>列出了可以用于指定调用次数的各种匹配器。</para>

    <table id="test-doubles.mock-objects.tables.matchers">
      <title>匹配器</title>

      <tgroup cols="2" align="left" colsep="1" rowsep="1">
        <thead>
          <row>
            <entry>匹配器</entry>
            <entry>含义</entry>
          </row>
        </thead>
        <tbody>
          <row>
            <entry><literal>PHPUnit_Framework_MockObject_Matcher_AnyInvokedCount any()</literal></entry>
            <entry>返回一个匹配器，当被评定的方法执行0次或更多次（即任意次数）时匹配成功。</entry>
          </row>
          <row>
            <entry><literal>PHPUnit_Framework_MockObject_Matcher_InvokedCount never()</literal></entry>
            <entry>返回一个匹配器，当被评定的方法从未执行时匹配成功。</entry>
          </row>
          <row>
            <entry><literal>PHPUnit_Framework_MockObject_Matcher_InvokedAtLeastOnce atLeastOnce()</literal></entry>
            <entry>返回一个匹配器，当被评定的方法执行至少一次时匹配成功。</entry>
          </row>
          <row>
            <entry><literal>PHPUnit_Framework_MockObject_Matcher_InvokedCount once()</literal></entry>
            <entry>返回一个匹配器，当被评定的方法执行恰好一次时匹配成功。</entry>
          </row>
          <row>
            <entry><literal>PHPUnit_Framework_MockObject_Matcher_InvokedCount exactly(int $count)</literal></entry>
            <entry>返回一个匹配器，当被评定的方法执行恰好 <literal>$count</literal> 次时匹配成功。</entry>
          </row>
          <row>
            <entry><literal>PHPUnit_Framework_MockObject_Matcher_InvokedAtIndex at(int $index)</literal></entry>
            <entry>返回一个匹配器，当被评定的方法是第 <literal>$index</literal> 个执行的方法时匹配成功。</entry>
          </row>
        </tbody>
      </tgroup>
    </table>

    <note>
      <para><literal>at()</literal> 匹配器的 <literal>$index</literal> 参数指的是对给定仿件对象的<emphasis>所有方法的调用</emphasis>的索引，从零开始。使用这个匹配器要谨慎，因为它可能导致测试由于与具体的实现细节过分紧密绑定而变得脆弱。</para>
    </note>
  </section>

  <section id="test-doubles.prophecy">
    <title>Prophecy</title>

    <para>
      <ulink url="https://github.com/phpspec/prophecy">Prophecy</ulink> 是个“极为自我却又非常强大且灵活的 PHP 对象模仿框架。虽然一开始是为了满足 phpspec2 的需要而建立的，但它足够灵活，可以用最小代价用于任何测试框架内。”</para>

    <para>从版本 4.5 开始，PHPUnit 为用 Prophecy 建立测试替身提供了内建支持。<xref linkend="test-doubles.prophecy.examples.SubjectTest.php"/>展示了<xref linkend="test-doubles.mock-objects.examples.SubjectTest.php"/>中展示的测试应该如何用 Prophecy 的的预言式理念方式来达到同样的效果：</para>

    <example id="test-doubles.prophecy.examples.SubjectTest.php">
      <title>测试某个方法会以特定参数被调用一次</title>
      <programlisting><![CDATA[<?php
class SubjectTest extends PHPUnit_Framework_TestCase
{
    public function testObserversAreUpdated()
    {
        $subject = new Subject('My subject');

        // 为 Observer 类建立预言(prophecy)。
        $observer = $this->prophesize('Observer');

        // 建立预期状况：update() 方法将会被调用一次，
        // 并且将以字符串 'something' 为参数。
        $observer->update('something')->shouldBeCalled();

        // 揭示预言，并将仿件对象链接到主体上。
        $subject->attach($observer->reveal());

        // 在 $subject 对象上调用 doSomething() 方法，
        // 预期将以字符串 'something' 为参数调用
        // Observer 仿件对象的 update() 方法。
        $subject->doSomething();
    }
}
?>]]></programlisting>
    </example>

    <para>更多关于如何用这个测试替身框架来创建、配置及使用桩件、谍件、仿件的细节，请参考 Prophecy 的 <ulink url="https://github.com/phpspec/prophecy#how-to-use-it">文档</ulink>。</para>
  </section>

  <section id="test-doubles.mocking-traits-and-abstract-classes">
    <title>对特质(Trait)与抽象类进行模仿</title>

    <para>
      <indexterm><primary>getMockForTrait()</primary></indexterm><literal>getMockForTrait()</literal> 方法返回一个使用了特定特质(trait)的仿件对象。给定特质的所有抽象方法将都被模仿。这样就能对特质的具体方法进行测试。</para>

    <example id="test-doubles.mock-objects.examples.TraitClassTest.php">
      <title>对特质的具体方法进行测试</title>
      <programlisting><![CDATA[<?php
trait AbstractTrait
{
    public function concreteMethod()
    {
        return $this->abstractMethod();
    }

    public abstract function abstractMethod();
}

class TraitClassTest extends PHPUnit_Framework_TestCase
{
    public function testConcreteMethod()
    {
        $mock = $this->getMockForTrait('AbstractTrait');

        $mock->expects($this->any())
             ->method('abstractMethod')
             ->will($this->returnValue(TRUE));

        self::assertTrue($mock->concreteMethod());
    }
}
?>]]></programlisting>
    </example>

    <para>
      <indexterm><primary>getMockForAbstractClass()</primary></indexterm><literal>getMockForAbstractClass()</literal> 方法返回一个抽象类的仿件对象。给定抽象类的所有抽象方法将都被模仿。这样就能对抽象类的具体方法进行测试。</para>

    <example id="test-doubles.mock-objects.examples.AbstractClassTest.php">
      <title>对抽象类的具体方法进行测试</title>
      <programlisting><![CDATA[<?php
abstract class AbstractClass
{
    public function concreteMethod()
    {
        return $this->abstractMethod();
    }

    public abstract function abstractMethod();
}

class AbstractClassTest extends PHPUnit_Framework_TestCase
{
    public function testConcreteMethod()
    {
        $stub = $this->getMockForAbstractClass('AbstractClass');

        $stub->expects($this->any())
             ->method('abstractMethod')
             ->will($this->returnValue(TRUE));

        self::assertTrue($stub->concreteMethod());
    }
}
?>]]></programlisting>
    </example>
  </section>

  <section id="test-doubles.stubbing-and-mocking-web-services">
    <title>对 Web 服务(Web Services)进行上桩或模仿&lt;</title>

    <para>
      <indexterm><primary>getMockFromWsdl()</primary></indexterm>当应用程序需要和 web 服务进行交互时，会想要在不与 web 服务进行实际交互的情况下对其进行测试。为了简单地对 web 服务进行上桩或模仿，可以像使用 <literal>getMock()</literal> （见上文）那样使用 <literal>getMockFromWsdl()</literal>。唯一的区别是 <literal>getMockFromWsdl()</literal> 所返回的桩件或者仿件是基于以 WSDL 描述的 web 服务，而 <literal>getMock()</literal> 返回的桩件或者仿件是基于 PHP 类或接口的。</para>

    <para>
      <xref linkend="test-doubles.stubbing-and-mocking-web-services.examples.GoogleTest.php"/>展示了如何用 <literal>getMockFromWsdl()</literal> 来对（例如）<filename>GoogleSearch.wsdl</filename> 中描述的 web 服务上桩。</para>

    <example id="test-doubles.stubbing-and-mocking-web-services.examples.GoogleTest.php">
      <title>对 web 服务上桩</title>
      <programlisting><![CDATA[<?php
class GoogleTest extends PHPUnit_Framework_TestCase
{
    public function testSearch()
    {
        $googleSearch = $this->getMockFromWsdl(
          'GoogleSearch.wsdl', 'GoogleSearch'
        );

        $directoryCategory = new stdClass;
        $directoryCategory->fullViewableName = '';
        $directoryCategory->specialEncoding = '';

        $element = new stdClass;
        $element->summary = '';
        $element->URL = 'https://phpunit.de/';
        $element->snippet = '...';
        $element->title = '<b>PHPUnit</b>';
        $element->cachedSize = '11k';
        $element->relatedInformationPresent = TRUE;
        $element->hostName = 'phpunit.de';
        $element->directoryCategory = $directoryCategory;
        $element->directoryTitle = '';

        $result = new stdClass;
        $result->documentFiltering = FALSE;
        $result->searchComments = '';
        $result->estimatedTotalResultsCount = 3.9000;
        $result->estimateIsExact = FALSE;
        $result->resultElements = array($element);
        $result->searchQuery = 'PHPUnit';
        $result->startIndex = 1;
        $result->endIndex = 1;
        $result->searchTips = '';
        $result->directoryCategories = array();
        $result->searchTime = 0.248822;

        $googleSearch->expects($this->any())
                     ->method('doGoogleSearch')
                     ->will($this->returnValue($result));

        /**
         * $googleSearch->doGoogleSearch() 将会返回上桩的结果，
         * web 服务的 doGoogleSearch() 方法不会被调用。
         */
        self::assertEquals(
          $result,
          $googleSearch->doGoogleSearch(
            '00000000000000000000000000000000',
            'PHPUnit',
            0,
            1,
            FALSE,
            '',
            FALSE,
            '',
            '',
            ''
          )
        );
    }
}
?>]]></programlisting>
    </example>
  </section>

  <section id="test-doubles.mocking-the-filesystem">
    <title>对文件系统进行模仿</title>

    <para>
      <ulink url="https://github.com/mikey179/vfsStream">vfsStream</ulink> 是对<ulink url="http://en.wikipedia.org/wiki/Virtual_file_system">虚拟文件系统</ulink> 的 <ulink url="http://www.php.net/streams">流包袱器(stream wrapper)</ulink>，可以用于模仿真实文件系统，在单元测试中可能会有所助益。</para>

    <para>如果使用 <ulink url="https://getcomposer.org/">Composer</ulink> 来管理项目的依赖关系，那么只需简单的在项目的 <literal>composer.json</literal> 文件中加一条对 <literal>mikey179/vfsStream</literal> 的依赖关系即可。以下是一个最小化的 <literal>composer.json</literal>文件例子，只定义了一条对 PHPUnit 4.6 与 vfsStream 的开发时(development-time)依赖：</para>

    <programlisting><![CDATA[{
    "require-dev": {
        "phpunit/phpunit": "~4.6",
        "mikey179/vfsStream": "~1"
    }
}]]></programlisting>

    <para>
      <xref linkend="test-doubles.mocking-the-filesystem.examples.Example.php"/>展示了一个与文件系统交互的类。</para>

    <example id="test-doubles.mocking-the-filesystem.examples.Example.php">
      <title>一个与文件系统交互的类</title>
      <programlisting><![CDATA[<?php
class Example
{
    protected $id;
    protected $directory;

    public function __construct($id)
    {
        $this->id = $id;
    }

    public function setDirectory($directory)
    {
        $this->directory = $directory . DIRECTORY_SEPARATOR . $this->id;

        if (!file_exists($this->directory)) {
            mkdir($this->directory, 0700, TRUE);
        }
    }
}?>]]></programlisting>
    </example>

    <para>如果不使用诸如 vfsStream 这样的虚拟文件系统，就无法在隔离外部影响的情况下对 <literal>setDirectory()</literal> 方法进行测试（参见 <xref linkend="test-doubles.mocking-the-filesystem.examples.ExampleTest.php"/>）。</para>

    <example id="test-doubles.mocking-the-filesystem.examples.ExampleTest.php">
      <title>对一个与文件系统交互的类进行测试</title>
      <programlisting><![CDATA[<?php
require_once 'Example.php';

class ExampleTest extends PHPUnit_Framework_TestCase
{
    protected function setUp()
    {
        if (file_exists(dirname(__FILE__) . '/id')) {
            rmdir(dirname(__FILE__) . '/id');
        }
    }

    public function testDirectoryIsCreated()
    {
        $example = new Example('id');
        self::assertFalse(file_exists(dirname(__FILE__) . '/id'));

        $example->setDirectory(dirname(__FILE__));
        self::assertTrue(file_exists(dirname(__FILE__) . '/id'));
    }

    protected function tearDown()
    {
        if (file_exists(dirname(__FILE__) . '/id')) {
            rmdir(dirname(__FILE__) . '/id');
        }
    }
}
?>]]></programlisting>
    </example>

    <para>上面的方法有几个缺点：</para>

    <itemizedlist>
      <listitem><para>和任何其他外部资源一样，文件系统可能会间歇性的出现一些问题，这使得和它交互的测试变得不可靠。</para></listitem>
      <listitem><para>在 <literal>setUp()</literal> 和 <literal>tearDown()</literal> 方法中，必须确保这个目录在测试前和测试后均不存在。</para></listitem>
      <listitem><para>如果测试在 <literal>tearDown()</literal> 方法被调用之前就终止了，这个目录就会遗留在文件系统中。</para></listitem>
    </itemizedlist>

    <para>
      <xref linkend="test-doubles.mocking-the-filesystem.examples.ExampleTest2.php"/>展示了如何在对与文件系统交互的类进行的测试中使用 vfsStream 来模仿文件系统。</para>

    <example id="test-doubles.mocking-the-filesystem.examples.ExampleTest2.php">
      <title>在对与文件系统交互的类进行的测试中模仿文件系统</title>
      <programlisting><![CDATA[<?php
require_once 'vfsStream/vfsStream.php';
require_once 'Example.php';

class ExampleTest extends PHPUnit_Framework_TestCase
{
    public function setUp()
    {
        vfsStreamWrapper::register();
        vfsStreamWrapper::setRoot(new vfsStreamDirectory('exampleDir'));
    }

    public function testDirectoryIsCreated()
    {
        $example = new Example('id');
        self::assertFalse(vfsStreamWrapper::getRoot()->hasChild('id'));

        $example->setDirectory(vfsStream::url('exampleDir'));
        self::assertTrue(vfsStreamWrapper::getRoot()->hasChild('id'));
    }
}
?>]]></programlisting>
    </example>

    <para>这有几个优点：</para>

    <itemizedlist>
      <listitem><para>测试本身更加简洁。</para></listitem>
      <listitem><para>vfsStream 让开发者能够完全控制被测代码所处的文件系统环境。</para></listitem>
      <listitem><para>由于文件系统操作不再对真实文件系统进行操作，<literal>tearDown()</literal> 方法中的清理操作不再需要了。</para></listitem>
    </itemizedlist>
  </section>
</chapter>
